Build started 27/11/2017 17:24:13.
     1>Project "C:\Users\ShakedNissanov\Documents\SchoolWork\MyWork\CloudProject\Nuvola\Nuvola\Nuvola.vcxproj" on node 2 (Build target(s)).
     1>ClCompile:
         C:\Program Files (x86)\Microsoft Visual Studio 12.0\VC\bin\CL.exe /c /ZI /nologo /W3 /WX- /Od /Oy- /D WIN32 /D _DEBUG /D _CONSOLE /D _LIB /D _UNICODE /D UNICODE /Gm /EHsc /RTC1 /MDd /GS /fp:precise /Zc:wchar_t /Zc:forScope /Fo"Debug\\" /Fd"Debug\vc120.pdb" /Gd /TP /analyze- /errorReport:prompt Helper.cpp Server.cpp
         Server.cpp
     1>c:\users\shakednissanov\documents\schoolwork\mywork\cloudproject\nuvola\nuvola\createvirtualdriver.h(1): warning C4005: 'WINVER' : macro redefinition
                 c:\program files (x86)\windows kits\8.1\include\shared\sdkddkver.h(215) : see previous definition of 'WINVER'
     1>c:\users\shakednissanov\documents\schoolwork\mywork\cloudproject\nuvola\nuvola\server.cpp(222): warning C4996: 'inet_addr': Use inet_pton() or InetPton() instead or define _WINSOCK_DEPRECATED_NO_WARNINGS to disable deprecated API warnings
                 c:\program files (x86)\windows kits\8.1\include\um\winsock2.h(1850) : see declaration of 'inet_addr'
         Helper.cpp
         Generating Code...
       Link:
         C:\Program Files (x86)\Microsoft Visual Studio 12.0\VC\bin\link.exe /ERRORREPORT:PROMPT /OUT:"C:\Users\ShakedNissanov\Documents\SchoolWork\MyWork\CloudProject\Nuvola\Debug\Nuvola.exe" /INCREMENTAL /NOLOGO kernel32.lib user32.lib gdi32.lib winspool.lib comdlg32.lib advapi32.lib shell32.lib ole32.lib oleaut32.lib uuid.lib odbc32.lib odbccp32.lib /MANIFEST /MANIFESTUAC:"level='requireAdministrator' uiAccess='false'" /manifest:embed /manifestinput:Nuvola.exe.manifest /DEBUG /PDB:"C:\Users\ShakedNissanov\Documents\SchoolWork\MyWork\CloudProject\Nuvola\Debug\Nuvola.pdb" /SUBSYSTEM:CONSOLE /TLBID:1 /DYNAMICBASE /NXCOMPAT /IMPLIB:"C:\Users\ShakedNissanov\Documents\SchoolWork\MyWork\CloudProject\Nuvola\Debug\Nuvola.lib" /MACHINE:X86 Debug\CreateVirtualDriver.obj
         Debug\Database.obj
         Debug\Helper.obj
         Debug\ReceivedMessage.obj
         Debug\Server.obj
         Debug\Source.obj
         Debug\sqlite3.obj
         Debug\User.obj
         Debug\Validator.obj
         Debug\WSAInitializer.obj
         Nuvola.vcxproj -> C:\Users\ShakedNissanov\Documents\SchoolWork\MyWork\CloudProject\Nuvola\Debug\Nuvola.exe
     1>Done Building Project "C:\Users\ShakedNissanov\Documents\SchoolWork\MyWork\CloudProject\Nuvola\Nuvola\Nuvola.vcxproj" (Build target(s)).

Build succeeded.

Time Elapsed 00:00:03.88
